[2024-01-13T11:20:05.482+0000] {taskinstance.py:1083} INFO - Dependencies all met for <TaskInstance: jobinfo_jobplanet.create_infomation_s3 manual__2024-01-13T11:19:57.442456+00:00 [queued]>
[2024-01-13T11:20:05.499+0000] {taskinstance.py:1083} INFO - Dependencies all met for <TaskInstance: jobinfo_jobplanet.create_infomation_s3 manual__2024-01-13T11:19:57.442456+00:00 [queued]>
[2024-01-13T11:20:05.499+0000] {taskinstance.py:1279} INFO - 
--------------------------------------------------------------------------------
[2024-01-13T11:20:05.499+0000] {taskinstance.py:1280} INFO - Starting attempt 1 of 1
[2024-01-13T11:20:05.502+0000] {taskinstance.py:1281} INFO - 
--------------------------------------------------------------------------------
[2024-01-13T11:20:05.528+0000] {taskinstance.py:1300} INFO - Executing <Task(PythonOperator): create_infomation_s3> on 2024-01-13 11:19:57.442456+00:00
[2024-01-13T11:20:05.539+0000] {standard_task_runner.py:55} INFO - Started process 4146 to run task
[2024-01-13T11:20:05.543+0000] {standard_task_runner.py:82} INFO - Running: ['***', 'tasks', 'run', 'jobinfo_jobplanet', 'create_infomation_s3', 'manual__2024-01-13T11:19:57.442456+00:00', '--job-id', '345', '--raw', '--subdir', 'DAGS_FOLDER/jobinfo_jobplanet.py', '--cfg-path', '/tmp/tmp0xx5c1pf']
[2024-01-13T11:20:05.544+0000] {standard_task_runner.py:83} INFO - Job 345: Subtask create_infomation_s3
[2024-01-13T11:20:06.005+0000] {task_command.py:388} INFO - Running <TaskInstance: jobinfo_jobplanet.create_infomation_s3 manual__2024-01-13T11:19:57.442456+00:00 [running]> on host 9d92fdf7265b
[2024-01-13T11:20:06.161+0000] {taskinstance.py:1509} INFO - Exporting the following env vars:
AIRFLOW_CTX_DAG_OWNER=***
AIRFLOW_CTX_DAG_ID=jobinfo_jobplanet
AIRFLOW_CTX_TASK_ID=create_infomation_s3
AIRFLOW_CTX_EXECUTION_DATE=2024-01-13T11:19:57.442456+00:00
AIRFLOW_CTX_TRY_NUMBER=1
AIRFLOW_CTX_DAG_RUN_ID=manual__2024-01-13T11:19:57.442456+00:00
[2024-01-13T11:20:06.162+0000] {jobinfo_jobplanet.py:48} INFO - 11111111111111111111111111111111
[2024-01-13T11:20:06.162+0000] {taskinstance.py:1768} ERROR - Task failed with exception
Traceback (most recent call last):
  File "/home/airflow/.local/lib/python3.7/site-packages/airflow/operators/python.py", line 175, in execute
    return_value = self.execute_callable()
  File "/home/airflow/.local/lib/python3.7/site-packages/airflow/operators/python.py", line 192, in execute_callable
    return self.python_callable(*self.op_args, **self.op_kwargs)
  File "/opt/airflow/dags/jobinfo_jobplanet.py", line 86, in create_infomation_s3
    driver = jobplanet_login()
  File "/opt/airflow/dags/jobinfo_jobplanet.py", line 54, in jobplanet_login
    driver = webdriver.Chrome(executable_path='/usr/src/chrome', options=chrome_options)
TypeError: __init__() got an unexpected keyword argument 'executable_path'
[2024-01-13T11:20:06.172+0000] {taskinstance.py:1323} INFO - Marking task as FAILED. dag_id=jobinfo_jobplanet, task_id=create_infomation_s3, execution_date=20240113T111957, start_date=20240113T112005, end_date=20240113T112006
[2024-01-13T11:20:06.191+0000] {standard_task_runner.py:105} ERROR - Failed to execute job 345 for task create_infomation_s3 (__init__() got an unexpected keyword argument 'executable_path'; 4146)
[2024-01-13T11:20:06.222+0000] {local_task_job.py:208} INFO - Task exited with return code 1
[2024-01-13T11:20:06.454+0000] {taskinstance.py:2578} INFO - 0 downstream tasks scheduled from follow-on schedule check
