[2024-01-11T17:37:57.905+0000] {taskinstance.py:1083} INFO - Dependencies all met for <TaskInstance: rds_test_2.execute_sql_and_return_result manual__2024-01-11T17:33:44.594530+00:00 [queued]>
[2024-01-11T17:37:57.935+0000] {taskinstance.py:1083} INFO - Dependencies all met for <TaskInstance: rds_test_2.execute_sql_and_return_result manual__2024-01-11T17:33:44.594530+00:00 [queued]>
[2024-01-11T17:37:57.938+0000] {taskinstance.py:1279} INFO - 
--------------------------------------------------------------------------------
[2024-01-11T17:37:57.940+0000] {taskinstance.py:1280} INFO - Starting attempt 2 of 2
[2024-01-11T17:37:57.941+0000] {taskinstance.py:1281} INFO - 
--------------------------------------------------------------------------------
[2024-01-11T17:37:57.999+0000] {taskinstance.py:1300} INFO - Executing <Task(PythonOperator): execute_sql_and_return_result> on 2024-01-11 17:33:44.594530+00:00
[2024-01-11T17:37:58.010+0000] {standard_task_runner.py:55} INFO - Started process 72 to run task
[2024-01-11T17:37:58.020+0000] {standard_task_runner.py:82} INFO - Running: ['***', 'tasks', 'run', 'rds_test_2', 'execute_sql_and_return_result', 'manual__2024-01-11T17:33:44.594530+00:00', '--job-id', '90', '--raw', '--subdir', 'DAGS_FOLDER/rds_test_2.py', '--cfg-path', '/tmp/tmpuq1xtr5l']
[2024-01-11T17:37:58.022+0000] {standard_task_runner.py:83} INFO - Job 90: Subtask execute_sql_and_return_result
[2024-01-11T17:37:58.279+0000] {task_command.py:388} INFO - Running <TaskInstance: rds_test_2.execute_sql_and_return_result manual__2024-01-11T17:33:44.594530+00:00 [running]> on host 3d6f932ce29c
[2024-01-11T17:37:58.482+0000] {taskinstance.py:1509} INFO - Exporting the following env vars:
AIRFLOW_CTX_DAG_OWNER=***
AIRFLOW_CTX_DAG_ID=rds_test_2
AIRFLOW_CTX_TASK_ID=execute_sql_and_return_result
AIRFLOW_CTX_EXECUTION_DATE=2024-01-11T17:33:44.594530+00:00
AIRFLOW_CTX_TRY_NUMBER=2
AIRFLOW_CTX_DAG_RUN_ID=manual__2024-01-11T17:33:44.594530+00:00
[2024-01-11T17:37:58.585+0000] {taskinstance.py:1768} ERROR - Task failed with exception
Traceback (most recent call last):
  File "/home/airflow/.local/lib/python3.7/site-packages/airflow/operators/python.py", line 175, in execute
    return_value = self.execute_callable()
  File "/home/airflow/.local/lib/python3.7/site-packages/airflow/operators/python.py", line 192, in execute_callable
    return self.python_callable(*self.op_args, **self.op_kwargs)
  File "/opt/airflow/dags/rds_test_2.py", line 59, in execute_sql_and_return_result
    return table.get.string()
  File "/home/airflow/.local/lib/python3.7/site-packages/prettytable/prettytable.py", line 311, in __getattr__
    raise AttributeError(name)
AttributeError: get
[2024-01-11T17:37:58.616+0000] {taskinstance.py:1323} INFO - Marking task as FAILED. dag_id=rds_test_2, task_id=execute_sql_and_return_result, execution_date=20240111T173344, start_date=20240111T173757, end_date=20240111T173758
[2024-01-11T17:37:58.648+0000] {standard_task_runner.py:105} ERROR - Failed to execute job 90 for task execute_sql_and_return_result (get; 72)
[2024-01-11T17:37:58.687+0000] {local_task_job.py:208} INFO - Task exited with return code 1
[2024-01-11T17:37:58.750+0000] {taskinstance.py:2578} INFO - 0 downstream tasks scheduled from follow-on schedule check
