[2024-01-13T07:55:30.402+0000] {taskinstance.py:1083} INFO - Dependencies all met for <TaskInstance: jobinfo_jobplanet.create_infomation_s3 manual__2024-01-13T07:55:24.150224+00:00 [queued]>
[2024-01-13T07:55:30.409+0000] {taskinstance.py:1083} INFO - Dependencies all met for <TaskInstance: jobinfo_jobplanet.create_infomation_s3 manual__2024-01-13T07:55:24.150224+00:00 [queued]>
[2024-01-13T07:55:30.409+0000] {taskinstance.py:1279} INFO - 
--------------------------------------------------------------------------------
[2024-01-13T07:55:30.410+0000] {taskinstance.py:1280} INFO - Starting attempt 1 of 1
[2024-01-13T07:55:30.410+0000] {taskinstance.py:1281} INFO - 
--------------------------------------------------------------------------------
[2024-01-13T07:55:30.443+0000] {taskinstance.py:1300} INFO - Executing <Task(PythonOperator): create_infomation_s3> on 2024-01-13 07:55:24.150224+00:00
[2024-01-13T07:55:30.453+0000] {standard_task_runner.py:55} INFO - Started process 2331 to run task
[2024-01-13T07:55:30.457+0000] {standard_task_runner.py:82} INFO - Running: ['***', 'tasks', 'run', 'jobinfo_jobplanet', 'create_infomation_s3', 'manual__2024-01-13T07:55:24.150224+00:00', '--job-id', '269', '--raw', '--subdir', 'DAGS_FOLDER/jobinfo_jobplanet.py', '--cfg-path', '/tmp/tmp_r3zqrnh']
[2024-01-13T07:55:30.463+0000] {standard_task_runner.py:83} INFO - Job 269: Subtask create_infomation_s3
[2024-01-13T07:55:30.723+0000] {task_command.py:388} INFO - Running <TaskInstance: jobinfo_jobplanet.create_infomation_s3 manual__2024-01-13T07:55:24.150224+00:00 [running]> on host ae96a963b918
[2024-01-13T07:55:30.787+0000] {taskinstance.py:1509} INFO - Exporting the following env vars:
AIRFLOW_CTX_DAG_OWNER=***
AIRFLOW_CTX_DAG_ID=jobinfo_jobplanet
AIRFLOW_CTX_TASK_ID=create_infomation_s3
AIRFLOW_CTX_EXECUTION_DATE=2024-01-13T07:55:24.150224+00:00
AIRFLOW_CTX_TRY_NUMBER=1
AIRFLOW_CTX_DAG_RUN_ID=manual__2024-01-13T07:55:24.150224+00:00
[2024-01-13T07:55:30.790+0000] {logger.py:11} INFO - ====== WebDriver manager ======
[2024-01-13T07:55:30.932+0000] {logger.py:11} INFO - Get LATEST chromedriver version for google-chrome
[2024-01-13T07:55:30.933+0000] {logging_mixin.py:137} INFO - An error occurred: 'NoneType' object has no attribute 'split'
[2024-01-13T07:55:30.933+0000] {taskinstance.py:1768} ERROR - Task failed with exception
Traceback (most recent call last):
  File "/home/airflow/.local/lib/python3.7/site-packages/airflow/operators/python.py", line 175, in execute
    return_value = self.execute_callable()
  File "/home/airflow/.local/lib/python3.7/site-packages/airflow/operators/python.py", line 192, in execute_callable
    return self.python_callable(*self.op_args, **self.op_kwargs)
  File "/opt/airflow/dags/jobinfo_jobplanet.py", line 78, in create_infomation_s3
    driver = jobplanet_login()
  File "/opt/airflow/dags/jobinfo_jobplanet.py", line 55, in jobplanet_login
    driver.implicitly_wait(1)
UnboundLocalError: local variable 'driver' referenced before assignment
[2024-01-13T07:55:30.940+0000] {taskinstance.py:1323} INFO - Marking task as FAILED. dag_id=jobinfo_jobplanet, task_id=create_infomation_s3, execution_date=20240113T075524, start_date=20240113T075530, end_date=20240113T075530
[2024-01-13T07:55:30.954+0000] {standard_task_runner.py:105} ERROR - Failed to execute job 269 for task create_infomation_s3 (local variable 'driver' referenced before assignment; 2331)
[2024-01-13T07:55:30.992+0000] {local_task_job.py:208} INFO - Task exited with return code 1
[2024-01-13T07:55:31.140+0000] {taskinstance.py:2578} INFO - 0 downstream tasks scheduled from follow-on schedule check
