[2024-01-10T18:49:50.590+0000] {taskinstance.py:1083} INFO - Dependencies all met for <TaskInstance: mysql_test_2.send_slack manual__2024-01-10T18:49:39.150931+00:00 [queued]>
[2024-01-10T18:49:50.622+0000] {taskinstance.py:1083} INFO - Dependencies all met for <TaskInstance: mysql_test_2.send_slack manual__2024-01-10T18:49:39.150931+00:00 [queued]>
[2024-01-10T18:49:50.623+0000] {taskinstance.py:1279} INFO - 
--------------------------------------------------------------------------------
[2024-01-10T18:49:50.625+0000] {taskinstance.py:1280} INFO - Starting attempt 1 of 2
[2024-01-10T18:49:50.626+0000] {taskinstance.py:1281} INFO - 
--------------------------------------------------------------------------------
[2024-01-10T18:49:50.672+0000] {taskinstance.py:1300} INFO - Executing <Task(SlackWebhookOperator): send_slack> on 2024-01-10 18:49:39.150931+00:00
[2024-01-10T18:49:50.679+0000] {standard_task_runner.py:55} INFO - Started process 633 to run task
[2024-01-10T18:49:50.688+0000] {standard_task_runner.py:82} INFO - Running: ['***', 'tasks', 'run', 'mysql_test_2', 'send_slack', 'manual__2024-01-10T18:49:39.150931+00:00', '--job-id', '28', '--raw', '--subdir', 'DAGS_FOLDER/mysql_test_2.py', '--cfg-path', '/tmp/tmpp9fx4oqd']
[2024-01-10T18:49:50.690+0000] {standard_task_runner.py:83} INFO - Job 28: Subtask send_slack
[2024-01-10T18:49:50.845+0000] {task_command.py:388} INFO - Running <TaskInstance: mysql_test_2.send_slack manual__2024-01-10T18:49:39.150931+00:00 [running]> on host 1064147bcaa7
[2024-01-10T18:49:51.245+0000] {taskinstance.py:1509} INFO - Exporting the following env vars:
AIRFLOW_CTX_DAG_OWNER=***
AIRFLOW_CTX_DAG_ID=mysql_test_2
AIRFLOW_CTX_TASK_ID=send_slack
AIRFLOW_CTX_EXECUTION_DATE=2024-01-10T18:49:39.150931+00:00
AIRFLOW_CTX_TRY_NUMBER=1
AIRFLOW_CTX_DAG_RUN_ID=manual__2024-01-10T18:49:39.150931+00:00
[2024-01-10T18:49:51.257+0000] {warnings.py:110} WARNING - /home/***/.local/lib/python3.7/site-packages/***/providers/slack/operators/slack_webhook.py:173: UserWarning: Found unexpected keyword-argument(s) 'link_names' in `send` method. This argument(s) have no effect.
  link_names=self.link_names,

[2024-01-10T18:49:51.292+0000] {base.py:73} INFO - Using connection ID 'slack_conn' for task execution.
[2024-01-10T18:49:51.351+0000] {taskinstance.py:1768} ERROR - Task failed with exception
Traceback (most recent call last):
  File "/home/airflow/.local/lib/python3.7/site-packages/airflow/providers/slack/operators/slack_webhook.py", line 173, in execute
    link_names=self.link_names,
  File "/home/airflow/.local/lib/python3.7/site-packages/airflow/providers/slack/hooks/slack_webhook.py", line 425, in send
    return self.send_dict(body=body, headers=headers)
  File "/home/airflow/.local/lib/python3.7/site-packages/airflow/providers/slack/hooks/slack_webhook.py", line 47, in wrapper
    resp = func(*args, **kwargs)
  File "/home/airflow/.local/lib/python3.7/site-packages/airflow/providers/slack/hooks/slack_webhook.py", line 375, in send_dict
    return self.client.send_dict(body, headers=headers)
  File "/home/airflow/.local/lib/python3.7/site-packages/cached_property.py", line 36, in __get__
    value = obj.__dict__[self.func.__name__] = self.func(obj)
  File "/home/airflow/.local/lib/python3.7/site-packages/airflow/providers/slack/hooks/slack_webhook.py", line 226, in client
    return WebhookClient(**self._get_conn_params())
  File "/home/airflow/.local/lib/python3.7/site-packages/airflow/providers/slack/hooks/slack_webhook.py", line 294, in _get_conn_params
    "Cannot get token: No valid Slack token nor valid Connection ID supplied."
airflow.exceptions.AirflowException: Cannot get token: No valid Slack token nor valid Connection ID supplied.
[2024-01-10T18:49:51.366+0000] {taskinstance.py:1323} INFO - Marking task as UP_FOR_RETRY. dag_id=mysql_test_2, task_id=send_slack, execution_date=20240110T184939, start_date=20240110T184950, end_date=20240110T184951
[2024-01-10T18:49:51.436+0000] {standard_task_runner.py:105} ERROR - Failed to execute job 28 for task send_slack (Cannot get token: No valid Slack token nor valid Connection ID supplied.; 633)
[2024-01-10T18:49:51.458+0000] {local_task_job.py:208} INFO - Task exited with return code 1
[2024-01-10T18:49:51.518+0000] {taskinstance.py:2578} INFO - 0 downstream tasks scheduled from follow-on schedule check
