[2024-01-13T07:26:44.646+0000] {taskinstance.py:1083} INFO - Dependencies all met for <TaskInstance: jobinfo_jobplanet.create_infomation_s3 manual__2024-01-13T07:26:39.542373+00:00 [queued]>
[2024-01-13T07:26:44.654+0000] {taskinstance.py:1083} INFO - Dependencies all met for <TaskInstance: jobinfo_jobplanet.create_infomation_s3 manual__2024-01-13T07:26:39.542373+00:00 [queued]>
[2024-01-13T07:26:44.654+0000] {taskinstance.py:1279} INFO - 
--------------------------------------------------------------------------------
[2024-01-13T07:26:44.654+0000] {taskinstance.py:1280} INFO - Starting attempt 1 of 1
[2024-01-13T07:26:44.654+0000] {taskinstance.py:1281} INFO - 
--------------------------------------------------------------------------------
[2024-01-13T07:26:44.668+0000] {taskinstance.py:1300} INFO - Executing <Task(PythonOperator): create_infomation_s3> on 2024-01-13 07:26:39.542373+00:00
[2024-01-13T07:26:44.674+0000] {standard_task_runner.py:55} INFO - Started process 863 to run task
[2024-01-13T07:26:44.676+0000] {standard_task_runner.py:82} INFO - Running: ['***', 'tasks', 'run', 'jobinfo_jobplanet', 'create_infomation_s3', 'manual__2024-01-13T07:26:39.542373+00:00', '--job-id', '266', '--raw', '--subdir', 'DAGS_FOLDER/jobinfo_jobplanet.py', '--cfg-path', '/tmp/tmpmg8zpee9']
[2024-01-13T07:26:44.677+0000] {standard_task_runner.py:83} INFO - Job 266: Subtask create_infomation_s3
[2024-01-13T07:26:44.853+0000] {task_command.py:388} INFO - Running <TaskInstance: jobinfo_jobplanet.create_infomation_s3 manual__2024-01-13T07:26:39.542373+00:00 [running]> on host ae96a963b918
[2024-01-13T07:26:44.912+0000] {taskinstance.py:1509} INFO - Exporting the following env vars:
AIRFLOW_CTX_DAG_OWNER=***
AIRFLOW_CTX_DAG_ID=jobinfo_jobplanet
AIRFLOW_CTX_TASK_ID=create_infomation_s3
AIRFLOW_CTX_EXECUTION_DATE=2024-01-13T07:26:39.542373+00:00
AIRFLOW_CTX_TRY_NUMBER=1
AIRFLOW_CTX_DAG_RUN_ID=manual__2024-01-13T07:26:39.542373+00:00
[2024-01-13T07:26:44.913+0000] {logger.py:11} INFO - ====== WebDriver manager ======
[2024-01-13T07:26:45.029+0000] {logger.py:11} INFO - Get LATEST chromedriver version for google-chrome
[2024-01-13T07:26:45.030+0000] {taskinstance.py:1768} ERROR - Task failed with exception
Traceback (most recent call last):
  File "/home/airflow/.local/lib/python3.7/site-packages/airflow/operators/python.py", line 175, in execute
    return_value = self.execute_callable()
  File "/home/airflow/.local/lib/python3.7/site-packages/airflow/operators/python.py", line 192, in execute_callable
    return self.python_callable(*self.op_args, **self.op_kwargs)
  File "/opt/airflow/dags/jobinfo_jobplanet.py", line 74, in create_infomation_s3
    driver = jobplanet_login()
  File "/opt/airflow/dags/jobinfo_jobplanet.py", line 49, in jobplanet_login
    driver = webdriver.Chrome(service=ChromeService(ChromeDriverManager().install()))
  File "/home/airflow/.local/lib/python3.7/site-packages/webdriver_manager/chrome.py", line 40, in install
    driver_path = self._get_driver_binary_path(self.driver)
  File "/home/airflow/.local/lib/python3.7/site-packages/webdriver_manager/core/manager.py", line 40, in _get_driver_binary_path
    file = self._download_manager.download_file(driver.get_driver_download_url(os_type))
  File "/home/airflow/.local/lib/python3.7/site-packages/webdriver_manager/drivers/chrome.py", line 32, in get_driver_download_url
    driver_version_to_download = self.get_driver_version_to_download()
  File "/home/airflow/.local/lib/python3.7/site-packages/webdriver_manager/core/driver.py", line 48, in get_driver_version_to_download
    return self.get_latest_release_version()
  File "/home/airflow/.local/lib/python3.7/site-packages/webdriver_manager/drivers/chrome.py", line 64, in get_latest_release_version
    determined_browser_version = ".".join(determined_browser_version.split(".")[:3])
AttributeError: 'NoneType' object has no attribute 'split'
[2024-01-13T07:26:45.037+0000] {taskinstance.py:1323} INFO - Marking task as FAILED. dag_id=jobinfo_jobplanet, task_id=create_infomation_s3, execution_date=20240113T072639, start_date=20240113T072644, end_date=20240113T072645
[2024-01-13T07:26:45.050+0000] {standard_task_runner.py:105} ERROR - Failed to execute job 266 for task create_infomation_s3 ('NoneType' object has no attribute 'split'; 863)
[2024-01-13T07:26:45.089+0000] {local_task_job.py:208} INFO - Task exited with return code 1
[2024-01-13T07:26:45.235+0000] {taskinstance.py:2578} INFO - 0 downstream tasks scheduled from follow-on schedule check
